<?xml version="1.0" encoding="UTF-8"?>
<testsuite xmlns:xsi="http://www.w3.org/2001/XMLSchema-instance" xsi:noNamespaceSchemaLocation="https://maven.apache.org/surefire/maven-surefire-plugin/xsd/surefire-test-report-3.0.xsd" version="3.0" name="runners.RunnerClass" time="36.298" tests="2" errors="0" skipped="0" failures="0">
  <properties>
[...]
</properties>
  <testcase name="verify dashboard" classname="This feature verify the functionality of dashboard feature" time="18.928">
    <system-out><![CDATA[
@test456
Scenario: verify dashboard                            &amp#27;[90m# src/test/resources/features/Dashboard.feature:9&amp#27;[0m
Browser opened
http://hrm.syntaxtechs.net/humanresources/symfony/web/index.php/auth/login
Human Management System
  &amp#27;[32mWhen &amp#27;[0m&amp#27;[32muser enters username in the username textfield&amp#27;[0m &amp#27;[90m# steps.LoginSteps.user_enters_username_in_the_username_textfield()&amp#27;[0m
  &amp#27;[32mAnd &amp#27;[0m&amp#27;[32menters password in the passowrd textfield&amp#27;[0m       &amp#27;[90m# steps.LoginSteps.enters_password_in_the_passowrd_textfield()&amp#27;[0m
  &amp#27;[32mAnd &amp#27;[0m&amp#27;[32muser clicks on login button&amp#27;[0m                     &amp#27;[90m# steps.LoginSteps.user_clicks_on_login_button()&amp#27;[0m
This is demo step
  &amp#27;[32mThen &amp#27;[0m&amp#27;[32muser is able to verify dashboard options&amp#27;[0m       &amp#27;[90m# steps.DashboardSteps.user_is_able_to_verify_dashboard_options()&amp#27;[0m

    Embedding verify dashboard [image/png 76360 bytes]

]]></system-out>
    <system-err><![CDATA[SLF4J: Failed to load class "org.slf4j.impl.StaticLoggerBinder".
SLF4J: Defaulting to no-operation (NOP) logger implementation
SLF4J: See http://www.slf4j.org/codes.html#StaticLoggerBinder for further details.
Starting ChromeDriver 101.0.4951.41 (93c720db8323b3ec10d056025ab95c23a31997c9-refs/branch-heads/4951@{#904}) on port 26975
Only local connections are allowed.
Please see https://chromedriver.chromium.org/security-considerations for suggestions on keeping ChromeDriver safe.
ChromeDriver was started successfully.
Jun 15, 2022 3:03:14 PM org.openqa.selenium.remote.ProtocolHandshake createSession
INFO: Detected dialect: W3C
]]></system-err>
  </testcase>
  <testcase name="verify logout functionality" classname="This feature verify the functionality of dashboard feature" time="16.102">
    <system-out><![CDATA[
@test456
Scenario: verify logout functionality                 &amp#27;[90m# src/test/resources/features/Dashboard.feature:13&amp#27;[0m
Browser opened
http://hrm.syntaxtechs.net/humanresources/symfony/web/index.php/auth/login
Human Management System
  &amp#27;[32mWhen &amp#27;[0m&amp#27;[32muser enters username in the username textfield&amp#27;[0m &amp#27;[90m# steps.LoginSteps.user_enters_username_in_the_username_textfield()&amp#27;[0m
  &amp#27;[32mAnd &amp#27;[0m&amp#27;[32menters password in the passowrd textfield&amp#27;[0m       &amp#27;[90m# steps.LoginSteps.enters_password_in_the_passowrd_textfield()&amp#27;[0m
  &amp#27;[32mAnd &amp#27;[0m&amp#27;[32muser clicks on login button&amp#27;[0m                     &amp#27;[90m# steps.LoginSteps.user_clicks_on_login_button()&amp#27;[0m
  &amp#27;[32mWhen &amp#27;[0m&amp#27;[32muser selects welcome admin dropdown&amp#27;[0m            &amp#27;[90m# steps.DashboardSteps.user_selects_welcome_admin_dropdown()&amp#27;[0m
  &amp#27;[32mAnd &amp#27;[0m&amp#27;[32muser clicks on logout button&amp#27;[0m                    &amp#27;[90m# steps.DashboardSteps.user_clicks_on_logout_button()&amp#27;[0m
test
  &amp#27;[32mThen &amp#27;[0m&amp#27;[32muser should redirect back to login page&amp#27;[0m        &amp#27;[90m# steps.DashboardSteps.user_should_redirect_back_to_login_page()&amp#27;[0m

    Embedding verify logout functionality [image/png 119860 bytes]

]]></system-out>
    <system-err><![CDATA[Starting ChromeDriver 101.0.4951.41 (93c720db8323b3ec10d056025ab95c23a31997c9-refs/branch-heads/4951@{#904}) on port 23594
Only local connections are allowed.
Please see https://chromedriver.chromium.org/security-considerations for suggestions on keeping ChromeDriver safe.
ChromeDriver was started successfully.
Jun 15, 2022 3:03:30 PM org.openqa.selenium.remote.ProtocolHandshake createSession
INFO: Detected dialect: W3C
]]></system-err>
  </testcase>
</testsuite>